<?xml version="1.0" encoding="UTF-8" ?>
<testsuite tests="21" failures="0" name="tests.RunTest" time="3.553" errors="0" skipped="0">
  <properties>
    <property name="java.runtime.name" value="OpenJDK Runtime Environment"/>
    <property name="java.vm.version" value="11.0.18+10-LTS"/>
    <property name="sun.boot.library.path" value="C:\Program Files\Amazon Corretto\jdk11.0.18_10\bin"/>
    <property name="maven.multiModuleProjectDirectory" value="C:\Users\duda.castro\Desktop\Desafio Renner\DesafioRennerDudaCastro\selenium-java-cucumber-structure-master"/>
    <property name="java.vm.vendor" value="Amazon.com Inc."/>
    <property name="java.vendor.url" value="https://aws.amazon.com/corretto/"/>
    <property name="guice.disable.misplaced.annotation.check" value="true"/>
    <property name="path.separator" value=";"/>
    <property name="java.vm.name" value="OpenJDK 64-Bit Server VM"/>
    <property name="sun.os.patch.level" value=""/>
    <property name="user.script" value=""/>
    <property name="user.country" value="BR"/>
    <property name="sun.java.launcher" value="SUN_STANDARD"/>
    <property name="java.vm.specification.name" value="Java Virtual Machine Specification"/>
    <property name="user.dir" value="C:\Users\duda.castro\Desktop\Desafio Renner\DesafioRennerDudaCastro\selenium-java-cucumber-structure-master"/>
    <property name="java.vm.compressedOopsMode" value="Zero based"/>
    <property name="java.runtime.version" value="11.0.18+10-LTS"/>
    <property name="java.awt.graphicsenv" value="sun.awt.Win32GraphicsEnvironment"/>
    <property name="os.arch" value="amd64"/>
    <property name="java.io.tmpdir" value="C:\Users\DUDA~1.CAS\AppData\Local\Temp\"/>
    <property name="line.separator" value="
"/>
    <property name="java.vm.specification.vendor" value="Oracle Corporation"/>
    <property name="user.variant" value=""/>
    <property name="os.name" value="Windows 10"/>
    <property name="classworlds.conf" value="C:\Program Files\Java\apache-maven-3.8.6\bin\m2.conf"/>
    <property name="sun.jnu.encoding" value="Cp1252"/>
    <property name="java.library.path" value="C:\Program Files\Amazon Corretto\jdk11.0.18_10\bin;C:\Windows\Sun\Java\bin;C:\Windows\system32;C:\Windows;C:\Program Files\Amazon Corretto\jdk11.0.18_10\bin;C:\Windows\system32;C:\Windows;C:\Windows\System32\Wbem;C:\Windows\System32\WindowsPowerShell\v1.0\;C:\Windows\System32\OpenSSH\;C:\Program Files\dotnet\;C:\Program Files\Java\apache-maven-3.8.6\bin;C:\Program Files\Git\cmd;C:\Program Files\Microsoft SQL Server\150\Tools\Binn\;C:\Program Files\Microsoft SQL Server\Client SDK\ODBC\170\Tools\Binn\;C:\Program Files\Microsoft SQL Server\130\Tools\Binn\;C:\Users\duda.castro\AppData\Local\Android\Sdk\platform-tools;C:\ProgramData\chocolatey\bin;C:\Program Files\Amazon\AWSCLIV2\;C:\Program Files\Amazon Corretto\jdk11.0.18_10\bin;C:\Users\duda.castro\Android\Sdk\emulator;C:\Users\duda.castro\Android\Sdk\tools;C:\Users\duda.castro\Android\Sdk\tools\bin;C:\Users\duda.castro\Android\Sdk\platform-tools;C:\Users\duda.castro\AppData\Roaming\nvm;C:\Program Files\nodejs;C:\Users\duda.castro\scoop\shims;C:\Users\duda.castro\AppData\Local\Microsoft\WindowsApps;C:\Users\duda.castro\AppData\Local\Programs\Microsoft VS Code\bin;C:\Users\duda.castro\.dotnet\tools;C:\Users\duda.castro\AppData\Roaming\npm;C:\Program Files\Java\jdk-11.0.1\bin;C:\Users\duda.castro\AppData\Local\Android\Sdk\platform-tools;C:\Program Files\OpenSSL-Win64\bin;C:\Users\duda.castro\AppData\Roaming\nvm;C:\Program Files\nodejs;C:\Program Files\JetBrains\IntelliJ IDEA Community Edition 2023.2\bin;;."/>
    <property name="maven.conf" value="C:\Program Files\Java\apache-maven-3.8.6/conf"/>
    <property name="jdk.debug" value="release"/>
    <property name="java.class.version" value="55.0"/>
    <property name="java.specification.name" value="Java Platform API Specification"/>
    <property name="sun.management.compiler" value="HotSpot 64-Bit Tiered Compilers"/>
    <property name="os.version" value="10.0"/>
    <property name="library.jansi.path" value="C:\Program Files\Java\apache-maven-3.8.6\lib\jansi-native"/>
    <property name="user.home" value="C:\Users\duda.castro"/>
    <property name="user.timezone" value="America/Sao_Paulo"/>
    <property name="java.awt.printerjob" value="sun.awt.windows.WPrinterJob"/>
    <property name="file.encoding" value="Cp1252"/>
    <property name="java.specification.version" value="11"/>
    <property name="user.name" value="duda.castro"/>
    <property name="java.class.path" value="C:\Program Files\Java\apache-maven-3.8.6\boot\plexus-classworlds-2.6.0.jar"/>
    <property name="java.vm.specification.version" value="11"/>
    <property name="sun.arch.data.model" value="64"/>
    <property name="sun.java.command" value="org.codehaus.plexus.classworlds.launcher.Launcher test"/>
    <property name="java.home" value="C:\Program Files\Amazon Corretto\jdk11.0.18_10"/>
    <property name="user.language" value="pt"/>
    <property name="java.specification.vendor" value="Oracle Corporation"/>
    <property name="awt.toolkit" value="sun.awt.windows.WToolkit"/>
    <property name="java.vm.info" value="mixed mode"/>
    <property name="java.version" value="11.0.18"/>
    <property name="java.vendor" value="Amazon.com Inc."/>
    <property name="sun.stderr.encoding" value="cp850"/>
    <property name="maven.home" value="C:\Program Files\Java\apache-maven-3.8.6"/>
    <property name="file.separator" value="\"/>
    <property name="java.version.date" value="2023-01-17"/>
    <property name="java.vendor.url.bug" value="https://github.com/corretto/corretto-11/issues/"/>
    <property name="sun.io.unicode.encoding" value="UnicodeLittle"/>
    <property name="sun.cpu.endian" value="little"/>
    <property name="java.vendor.version" value="Corretto-11.0.18.10.1"/>
    <property name="sun.stdout.encoding" value="cp850"/>
    <property name="sun.desktop" value="windows"/>
    <property name="sun.cpu.isalist" value="amd64"/>
  </properties>
  <testcase classname="Cenario: Adicionar produto" name="Dado que acesso o ecommerce" time="0.002"/>
  <testcase classname="Cenario: Adicionar produto" name="Quando clico em ver mais detalhes do produto &quot;Stylish Dress&quot;" time="0"/>
  <testcase classname="Cenario: Adicionar produto" name="E eu adicionar 3 unidade(s) no carrinho" time="0"/>
  <testcase classname="Cenario: Adicionar produto" name="E clico em ver mais detalhes do produto &quot;Beautiful Peacock Blue Cotton Linen Saree&quot;" time="0"/>
  <testcase classname="Cenario: Adicionar produto" name="E eu adicionar 2 unidade(s) no carrinho" time="0"/>
  <testcase classname="Cenario: Adicionar produto" name="E clico em ver mais detalhes do produto &quot;Men Tshirt&quot;" time="0"/>
  <testcase classname="Cenario: Adicionar produto" name="E eu adicionar 1 unidade(s) no carrinho" time="0"/>
  <testcase classname="Cenario: Adicionar produto" name="E que acesso o carrinho" time="0"/>
  <testcase classname="Cenario: Adicionar produto" name="Entao o carrinho deve conter 3 unidades do produto &quot;Stylish Dress&quot;" time="0"/>
  <testcase classname="Cenario: Adicionar produto" name="E o carrinho deve conter 2 unidades do produto &quot;Beautiful Peacock Blue Cotton Linen Saree&quot;" time="0"/>
  <testcase classname="Cenario: Adicionar produto" name="E o carrinho deve conter 1 unidades do produto &quot;Men Tshirt&quot;" time="0.001"/>
  <testcase classname="Cenario: Adicionar produto" name="Cenario: Adicionar produto" time="1.691"/>
  <testcase classname="Cenario: Cadastrar conta nova" name="Dado que acesso o ecommerce" time="0"/>
  <testcase classname="Cenario: Cadastrar conta nova" name="Quando clico em Signup/Login" time="0"/>
  <testcase classname="Cenario: Cadastrar conta nova" name="E eu inserir um nome em New User Signup!" time="0.002"/>
  <testcase classname="Cenario: Cadastrar conta nova" name="E eu inserir um email em Email Address" time="0"/>
  <testcase classname="Cenario: Cadastrar conta nova" name="E eu clicar no botão Signup" time="0"/>
  <testcase classname="Cenario: Cadastrar conta nova" name="E eu preencher os campos vazios obrigatórios da página Enter Account Information" time="0"/>
  <testcase classname="Cenario: Cadastrar conta nova" name="E eu clicar no botão Create Account" time="0"/>
  <testcase classname="Cenario: Cadastrar conta nova" name="Entao devo receber a mensagem &quot;ACCOUNT CREATED!&quot;" time="0"/>
  <testcase classname="Cenario: Cadastrar conta nova" name="Cenario: Cadastrar conta nova" time="1.857"/>
</testsuite>